  Problem14.cpp
E:\my\Code\Project-Euler\Problem14\Problem14.cpp(23,15): warning C4244: '=': conversion from '__int64' to 'int', possible loss of data
E:\my\Code\Project-Euler\Problem14\Problem14.cpp(52,40): warning C4244: 'argument': conversion from '__int64' to 'const int', possible loss of data
E:\my\Code\Project-Euler\Problem14\Problem14.cpp(62,16): warning C4244: '=': conversion from '__int64' to 'int', possible loss of data
C:\Program Files (x86)\Microsoft Visual Studio\2019\Community\VC\Tools\MSVC\14.29.30037\include\xmemory(714,47): warning C4244: 'initializing': conversion from '__int64' to '_Objty', possible loss of data
          with
          [
              _Objty=int
          ]
C:\Program Files (x86)\Microsoft Visual Studio\2019\Community\VC\Tools\MSVC\14.29.30037\include\xtree(811): message : see reference to function template instantiation 'void std::_Default_allocator_traits<_Alloc>::construct<_Ty,__int64&>(_Alloc &,_Objty *const ,__int64 &)' being compiled
          with
          [
              _Alloc=std::allocator<std::_Tree_node<int,std::_Default_allocator_traits<std::allocator<int>>::void_pointer>>,
              _Ty=int,
              _Objty=int
          ]
C:\Program Files (x86)\Microsoft Visual Studio\2019\Community\VC\Tools\MSVC\14.29.30037\include\xtree(812): message : see reference to function template instantiation 'void std::_Default_allocator_traits<_Alloc>::construct<_Ty,__int64&>(_Alloc &,_Objty *const ,__int64 &)' being compiled
          with
          [
              _Alloc=std::allocator<std::_Tree_node<int,std::_Default_allocator_traits<std::allocator<int>>::void_pointer>>,
              _Ty=int,
              _Objty=int
          ]
C:\Program Files (x86)\Microsoft Visual Studio\2019\Community\VC\Tools\MSVC\14.29.30037\include\xtree(1007): message : see reference to function template instantiation 'std::_Tree_temp_node<std::allocator<std::_Tree_node<int,std::_Default_allocator_traits<_Alloc>::void_pointer>>>::_Tree_temp_node<__int64&>(_Alnode &,std::_Tree_node<int,std::_Default_allocator_traits<_Alloc>::void_pointer> *,__int64 &)' being compiled
          with
          [
              _Alloc=std::allocator<int>,
              _Alnode=std::allocator<std::_Tree_node<int,std::_Default_allocator_traits<std::allocator<int>>::void_pointer>>
          ]
C:\Program Files (x86)\Microsoft Visual Studio\2019\Community\VC\Tools\MSVC\14.29.30037\include\xtree(1023): message : see reference to function template instantiation 'std::_Tree_temp_node<std::allocator<std::_Tree_node<int,std::_Default_allocator_traits<_Alloc>::void_pointer>>>::_Tree_temp_node<__int64&>(_Alnode &,std::_Tree_node<int,std::_Default_allocator_traits<_Alloc>::void_pointer> *,__int64 &)' being compiled
          with
          [
              _Alloc=std::allocator<int>,
              _Alnode=std::allocator<std::_Tree_node<int,std::_Default_allocator_traits<std::allocator<int>>::void_pointer>>
          ]
C:\Program Files (x86)\Microsoft Visual Studio\2019\Community\VC\Tools\MSVC\14.29.30037\include\xtree(1044): message : see reference to function template instantiation 'std::pair<std::_Tree_node<int,std::_Default_allocator_traits<_Alloc>::void_pointer> *,bool> std::_Tree<std::_Tset_traits<_Kty,_Pr,_Alloc,false>>::_Emplace<__int64&>(__int64 &)' being compiled
          with
          [
              _Alloc=std::allocator<int>,
              _Kty=int,
              _Pr=std::less<int>
          ]
C:\Program Files (x86)\Microsoft Visual Studio\2019\Community\VC\Tools\MSVC\14.29.30037\include\xtree(1045): message : see reference to function template instantiation 'std::pair<std::_Tree_node<int,std::_Default_allocator_traits<_Alloc>::void_pointer> *,bool> std::_Tree<std::_Tset_traits<_Kty,_Pr,_Alloc,false>>::_Emplace<__int64&>(__int64 &)' being compiled
          with
          [
              _Alloc=std::allocator<int>,
              _Kty=int,
              _Pr=std::less<int>
          ]
E:\my\Code\Project-Euler\Problem14\Problem14.cpp(54): message : see reference to function template instantiation 'std::pair<std::_Tree_const_iterator<std::_Tree_val<std::_Tree_simple_types<int>>>,bool> std::_Tree<std::_Tset_traits<_Kty,_Pr,_Alloc,false>>::emplace<__int64&>(__int64 &)' being compiled
          with
          [
              _Kty=int,
              _Pr=std::less<int>,
              _Alloc=std::allocator<int>
          ]
E:\my\Code\Project-Euler\Problem14\Problem14.cpp(54): message : see reference to function template instantiation 'std::pair<std::_Tree_const_iterator<std::_Tree_val<std::_Tree_simple_types<int>>>,bool> std::_Tree<std::_Tset_traits<_Kty,_Pr,_Alloc,false>>::emplace<__int64&>(__int64 &)' being compiled
          with
          [
              _Kty=int,
              _Pr=std::less<int>,
              _Alloc=std::allocator<int>
          ]
  Problem14.vcxproj -> E:\my\Code\Project-Euler\x64\Debug\Problem14.exe
